Using pre-set license
Built from '2021.3/staging' branch; Version is '2021.3.5f1 (40eb3a945986) revision 4254522'; Using compiler version '192829333'; Build Type 'Release'
OS: 'Windows 10  (10.0.19044) 64bit Professional' Language: 'hu' Physical Memory: 16339 MB
BatchMode: 1, IsHumanControllingUs: 0, StartBugReporterOnCrash: 0, Is64bit: 1, IsPro: 1

COMMAND LINE ARGUMENTS:
D:\programs\Unity\Unity\2021.3.5f1\Editor\Unity.exe
-adb2
-batchMode
-noUpm
-name
AssetImportWorker2
-projectPath
D:/programs/Unity/game/GitNoCache/new1/TeamDioFPSGame
-logFile
Logs/AssetImportWorker2.log
-srvPort
49963
Successfully changed project path to: D:/programs/Unity/game/GitNoCache/new1/TeamDioFPSGame
D:/programs/Unity/game/GitNoCache/new1/TeamDioFPSGame
[UnityMemory] Configuration Parameters - Can be set up in boot.config
    "memorysetup-bucket-allocator-granularity=16"
    "memorysetup-bucket-allocator-bucket-count=8"
    "memorysetup-bucket-allocator-block-size=33554432"
    "memorysetup-bucket-allocator-block-count=8"
    "memorysetup-main-allocator-block-size=16777216"
    "memorysetup-thread-allocator-block-size=16777216"
    "memorysetup-gfx-main-allocator-block-size=16777216"
    "memorysetup-gfx-thread-allocator-block-size=16777216"
    "memorysetup-cache-allocator-block-size=4194304"
    "memorysetup-typetree-allocator-block-size=2097152"
    "memorysetup-profiler-bucket-allocator-granularity=16"
    "memorysetup-profiler-bucket-allocator-bucket-count=8"
    "memorysetup-profiler-bucket-allocator-block-size=33554432"
    "memorysetup-profiler-bucket-allocator-block-count=8"
    "memorysetup-profiler-allocator-block-size=16777216"
    "memorysetup-profiler-editor-allocator-block-size=1048576"
    "memorysetup-temp-allocator-size-main=16777216"
    "memorysetup-job-temp-allocator-block-size=2097152"
    "memorysetup-job-temp-allocator-block-size-background=1048576"
    "memorysetup-job-temp-allocator-reduction-small-platforms=262144"
    "memorysetup-temp-allocator-size-background-worker=32768"
    "memorysetup-temp-allocator-size-job-worker=262144"
    "memorysetup-temp-allocator-size-preload-manager=33554432"
    "memorysetup-temp-allocator-size-nav-mesh-worker=65536"
    "memorysetup-temp-allocator-size-audio-worker=65536"
    "memorysetup-temp-allocator-size-cloud-worker=32768"
    "memorysetup-temp-allocator-size-gi-baking-worker=262144"
    "memorysetup-temp-allocator-size-gfx=262144"
Refreshing native plugins compatible for Editor in 256.26 ms, found 3 plugins.
Preloading 0 native plugins for Editor in 0.00 ms.
Initialize engine version: 2021.3.5f1 (40eb3a945986)
[Subsystems] Discovering subsystems at path D:/programs/Unity/Unity/2021.3.5f1/Editor/Data/Resources/UnitySubsystems
[Subsystems] Discovering subsystems at path D:/programs/Unity/game/GitNoCache/new1/TeamDioFPSGame/Assets
GfxDevice: creating device client; threaded=0; jobified=0
Direct3D:
    Version:  Direct3D 11.0 [level 11.1]
    Renderer: NVIDIA GeForce GTX 1650 (ID=0x1f82)
    Vendor:   NVIDIA
    VRAM:     3949 MB
    Driver:   31.0.15.2756
Initialize mono
Mono path[0] = 'D:/programs/Unity/Unity/2021.3.5f1/Editor/Data/Managed'
Mono path[1] = 'D:/programs/Unity/Unity/2021.3.5f1/Editor/Data/MonoBleedingEdge/lib/mono/unityjit-win32'
Mono config path = 'D:/programs/Unity/Unity/2021.3.5f1/Editor/Data/MonoBleedingEdge/etc'
Using monoOptions --debugger-agent=transport=dt_socket,embedding=1,server=y,suspend=n,address=127.0.0.1:56860
Begin MonoManager ReloadAssembly
Registering precompiled unity dll's ...
Register platform support module: D:/programs/Unity/Unity/2021.3.5f1/Editor/Data/PlaybackEngines/WindowsStandaloneSupport/UnityEditor.WindowsStandalone.Extensions.dll
Registered in 0.007743 seconds.
Native extension for WindowsStandalone target not found
Refreshing native plugins compatible for Editor in 206.75 ms, found 3 plugins.
Preloading 0 native plugins for Editor in 0.00 ms.
Mono: successfully reloaded assembly
- Completed reload, in  1.235 seconds
Domain Reload Profiling:
	ReloadAssembly (1235ms)
		BeginReloadAssembly (125ms)
			ExecutionOrderSort (0ms)
			DisableScriptedObjects (0ms)
			BackupInstance (0ms)
			ReleaseScriptingObjects (0ms)
			CreateAndSetChildDomain (1ms)
		EndReloadAssembly (910ms)
			LoadAssemblies (123ms)
			RebuildTransferFunctionScriptingTraits (0ms)
			SetupTypeCache (212ms)
			ReleaseScriptCaches (0ms)
			RebuildScriptCaches (57ms)
			SetupLoadedEditorAssemblies (555ms)
				LogAssemblyErrors (0ms)
				InitializePlatformSupportModulesInManaged (12ms)
				SetLoadedEditorAssemblies (0ms)
				RefreshPlugins (207ms)
				BeforeProcessingInitializeOnLoad (2ms)
				ProcessInitializeOnLoadAttributes (249ms)
				ProcessInitializeOnLoadMethodAttributes (83ms)
				AfterProcessingInitializeOnLoad (0ms)
				EditorAssembliesLoaded (0ms)
			ExecutionOrderSort2 (0ms)
			AwakeInstancesAfterBackupRestoration (0ms)
Platform modules already initialized, skipping
Registering precompiled user dll's ...
Registered in 0.012159 seconds.
Begin MonoManager ReloadAssembly
Symbol file LoadedFromMemory doesn't match image D:\programs\Unity\game\GitNoCache\new1\TeamDioFPSGame\Library\PackageCache\com.unity.visualscripting@1.7.8\Editor\VisualScripting.Core\Dependencies\YamlDotNet\Unity.VisualScripting.YamlDotNet.dll
Symbol file LoadedFromMemory doesn't match image D:\programs\Unity\game\GitNoCache\new1\TeamDioFPSGame\Library\PackageCache\com.unity.visualscripting@1.7.8\Editor\VisualScripting.Core\Dependencies\DotNetZip\Unity.VisualScripting.IonicZip.dll
Native extension for WindowsStandalone target not found
Refreshing native plugins compatible for Editor in 234.32 ms, found 3 plugins.
Preloading 0 native plugins for Editor in 0.00 ms.
Mono: successfully reloaded assembly
- Completed reload, in  2.702 seconds
Domain Reload Profiling:
	ReloadAssembly (2704ms)
		BeginReloadAssembly (217ms)
			ExecutionOrderSort (0ms)
			DisableScriptedObjects (13ms)
			BackupInstance (0ms)
			ReleaseScriptingObjects (0ms)
			CreateAndSetChildDomain (32ms)
		EndReloadAssembly (2269ms)
			LoadAssemblies (177ms)
			RebuildTransferFunctionScriptingTraits (0ms)
			SetupTypeCache (675ms)
			ReleaseScriptCaches (1ms)
			RebuildScriptCaches (140ms)
			SetupLoadedEditorAssemblies (1199ms)
				LogAssemblyErrors (0ms)
				InitializePlatformSupportModulesInManaged (7ms)
				SetLoadedEditorAssemblies (0ms)
				RefreshPlugins (234ms)
				BeforeProcessingInitializeOnLoad (234ms)
				ProcessInitializeOnLoadAttributes (546ms)
				ProcessInitializeOnLoadMethodAttributes (171ms)
				AfterProcessingInitializeOnLoad (7ms)
				EditorAssembliesLoaded (0ms)
			ExecutionOrderSort2 (0ms)
			AwakeInstancesAfterBackupRestoration (13ms)
Platform modules already initialized, skipping
========================================================================
Worker process is ready to serve import requests
Launched and connected shader compiler UnityShaderCompiler.exe after 0.08 seconds
Refreshing native plugins compatible for Editor in 2.46 ms, found 3 plugins.
Preloading 0 native plugins for Editor in 0.00 ms.
Unloading 5308 Unused Serialized files (Serialized files now loaded: 0)
Unloading 72 unused Assets / (3.8 MB). Loaded Objects now: 5732.
Memory consumption went from 288.2 MB to 284.4 MB.
Total: 11.507500 ms (FindLiveObjects: 1.233200 ms CreateObjectMapping: 0.728600 ms MarkObjects: 6.776900 ms  DeleteObjects: 2.766200 ms)

AssetImportParameters requested are different than current active one (requested -> active):
  custom:video-decoder-ogg-theora: a1e56fd34408186e4bbccfd4996cb3dc -> 
  custom:container-muxer-webm: aa71ff27fc2769a1b78a27578f13a17b -> 
  custom:container-demuxer-webm: 4f35f7cbe854078d1ac9338744f61a02 -> 
  custom:video-encoder-webm-vp8: eb34c28f22e8b96e1ab97ce403110664 -> 
  custom:audio-encoder-webm-vorbis: bf7c407c2cedff20999df2af8eb42d56 -> 
  custom:framework-win-MediaFoundation: 216162199b28c13a410421893ffa2e32 -> 
  custom:container-demuxer-ogg: 62fdf1f143b41e24485cea50d1cbac27 -> 
  custom:video-decoder-webm-vp8: 9c59270c3fd7afecdb556c50c9e8de78 -> 
  custom:audio-decoder-ogg-vorbis: bf7c407c2cedff20999df2af8eb42d56 -> 
========================================================================
Received Prepare
Registering precompiled user dll's ...
Registered in 0.013969 seconds.
Begin MonoManager ReloadAssembly
Symbol file LoadedFromMemory doesn't match image D:\programs\Unity\game\GitNoCache\new1\TeamDioFPSGame\Library\PackageCache\com.unity.visualscripting@1.7.8\Editor\VisualScripting.Core\Dependencies\YamlDotNet\Unity.VisualScripting.YamlDotNet.dll
Symbol file LoadedFromMemory doesn't match image D:\programs\Unity\game\GitNoCache\new1\TeamDioFPSGame\Library\PackageCache\com.unity.visualscripting@1.7.8\Editor\VisualScripting.Core\Dependencies\DotNetZip\Unity.VisualScripting.IonicZip.dll
Native extension for WindowsStandalone target not found
Refreshing native plugins compatible for Editor in 2.05 ms, found 3 plugins.
Preloading 0 native plugins for Editor in 0.00 ms.
Mono: successfully reloaded assembly
- Completed reload, in  2.528 seconds
Domain Reload Profiling:
	ReloadAssembly (2529ms)
		BeginReloadAssembly (249ms)
			ExecutionOrderSort (0ms)
			DisableScriptedObjects (14ms)
			BackupInstance (0ms)
			ReleaseScriptingObjects (0ms)
			CreateAndSetChildDomain (75ms)
		EndReloadAssembly (2084ms)
			LoadAssemblies (175ms)
			RebuildTransferFunctionScriptingTraits (0ms)
			SetupTypeCache (710ms)
			ReleaseScriptCaches (4ms)
			RebuildScriptCaches (184ms)
			SetupLoadedEditorAssemblies (910ms)
				LogAssemblyErrors (0ms)
				InitializePlatformSupportModulesInManaged (24ms)
				SetLoadedEditorAssemblies (1ms)
				RefreshPlugins (2ms)
				BeforeProcessingInitializeOnLoad (185ms)
				ProcessInitializeOnLoadAttributes (511ms)
				ProcessInitializeOnLoadMethodAttributes (176ms)
				AfterProcessingInitializeOnLoad (10ms)
				EditorAssembliesLoaded (1ms)
			ExecutionOrderSort2 (0ms)
			AwakeInstancesAfterBackupRestoration (25ms)
Platform modules already initialized, skipping
Refreshing native plugins compatible for Editor in 5.22 ms, found 3 plugins.
Preloading 0 native plugins for Editor in 0.00 ms.
Unloading 5215 Unused Serialized files (Serialized files now loaded: 0)
Unloading 65 unused Assets / (3.7 MB). Loaded Objects now: 5735.
Memory consumption went from 279.5 MB to 275.8 MB.
Total: 17.576300 ms (FindLiveObjects: 0.896800 ms CreateObjectMapping: 0.556500 ms MarkObjects: 12.011300 ms  DeleteObjects: 4.109500 ms)

AssetImportParameters requested are different than current active one (requested -> active):
  custom:video-decoder-ogg-theora: a1e56fd34408186e4bbccfd4996cb3dc -> 
  custom:container-muxer-webm: aa71ff27fc2769a1b78a27578f13a17b -> 
  custom:container-demuxer-webm: 4f35f7cbe854078d1ac9338744f61a02 -> 
  custom:video-encoder-webm-vp8: eb34c28f22e8b96e1ab97ce403110664 -> 
  custom:audio-encoder-webm-vorbis: bf7c407c2cedff20999df2af8eb42d56 -> 
  custom:framework-win-MediaFoundation: 216162199b28c13a410421893ffa2e32 -> 
  custom:container-demuxer-ogg: 62fdf1f143b41e24485cea50d1cbac27 -> 
  custom:video-decoder-webm-vp8: 9c59270c3fd7afecdb556c50c9e8de78 -> 
  custom:audio-decoder-ogg-vorbis: bf7c407c2cedff20999df2af8eb42d56 -> 
========================================================================
Received Import Request.
  Time since last request: 4265.774776 seconds.
  path: Assets/Nem sajat/SineVFX
  artifactKey: Guid(ec5939e3c5c1b31448e9fb298f13134f) Importer(815301076,1909f56bfc062723c751e8b465ee728b)
Start importing Assets/Nem sajat/SineVFX using Guid(ec5939e3c5c1b31448e9fb298f13134f) Importer(815301076,1909f56bfc062723c751e8b465ee728b)  -> (artifact id: '67a8452393ceb9e2d543e0f40dc7184b') in 0.024214 seconds 
========================================================================
Received Import Request.
  Time since last request: 0.822032 seconds.
  path: Assets/Nem sajat/SineVFX/PostProcessingV2
  artifactKey: Guid(baa2d3d1c14d40e4da5c8a263953d32b) Importer(815301076,1909f56bfc062723c751e8b465ee728b)
Start importing Assets/Nem sajat/SineVFX/PostProcessingV2 using Guid(baa2d3d1c14d40e4da5c8a263953d32b) Importer(815301076,1909f56bfc062723c751e8b465ee728b)  -> (artifact id: 'c19802751e91d0e875cb8ebf4a7425d3') in 0.011286 seconds 
========================================================================
Received Import Request.
  Time since last request: 0.023791 seconds.
  path: Assets/Nem sajat/SineVFX/PostProcessingV2/New Post-processing Profile.asset
  artifactKey: Guid(f043b5f7d71f5934ca0fcbecd6c97782) Importer(815301076,1909f56bfc062723c751e8b465ee728b)
Start importing Assets/Nem sajat/SineVFX/PostProcessingV2/New Post-processing Profile.asset using Guid(f043b5f7d71f5934ca0fcbecd6c97782) Importer(815301076,1909f56bfc062723c751e8b465ee728b)  -> (artifact id: '9f0d34a1f0d8b9670ba5e24239c0bc59') in 0.094244 seconds 
========================================================================
Received Import Request.
  Time since last request: 3.719845 seconds.
  path: Assets/Nem sajat/SineVFX/TranslucentCrystals
  artifactKey: Guid(0c6b8e5d60d9fa44381a5a682ff8562c) Importer(815301076,1909f56bfc062723c751e8b465ee728b)
Start importing Assets/Nem sajat/SineVFX/TranslucentCrystals using Guid(0c6b8e5d60d9fa44381a5a682ff8562c) Importer(815301076,1909f56bfc062723c751e8b465ee728b)  -> (artifact id: '622526ebb9854338a861297c092dda2a') in 0.011586 seconds 
========================================================================
Received Import Request.
  Time since last request: 4.674090 seconds.
  path: Assets/Nem sajat/SineVFX/TranslucentCrystals/Prefabs
  artifactKey: Guid(57ba1372d1301cc4fb18ae9042873fd8) Importer(815301076,1909f56bfc062723c751e8b465ee728b)
Start importing Assets/Nem sajat/SineVFX/TranslucentCrystals/Prefabs using Guid(57ba1372d1301cc4fb18ae9042873fd8) Importer(815301076,1909f56bfc062723c751e8b465ee728b)  -> (artifact id: 'dc3204187ae56495817cdd7633fd118f') in 0.012167 seconds 
========================================================================
Received Import Request.
  Time since last request: 0.045208 seconds.
  path: Assets/Nem sajat/SineVFX/TranslucentCrystals/Prefabs/Crystalsv01.prefab
  artifactKey: Guid(8ad137f6808375f4e885d60451f0c4fc) Importer(815301076,1909f56bfc062723c751e8b465ee728b)
Start importing Assets/Nem sajat/SineVFX/TranslucentCrystals/Prefabs/Crystalsv01.prefab using Guid(8ad137f6808375f4e885d60451f0c4fc) Importer(815301076,1909f56bfc062723c751e8b465ee728b)  -> (artifact id: '678fb0d3ad580ce681846f5845b57db4') in 0.237037 seconds 
========================================================================
Received Import Request.
  Time since last request: 0.000037 seconds.
  path: Assets/Nem sajat/SineVFX/TranslucentCrystals/Prefabs/Crystalsv10.prefab
  artifactKey: Guid(227f9257bcc7175478a7f935e3bfc552) Importer(815301076,1909f56bfc062723c751e8b465ee728b)
Start importing Assets/Nem sajat/SineVFX/TranslucentCrystals/Prefabs/Crystalsv10.prefab using Guid(227f9257bcc7175478a7f935e3bfc552) Importer(815301076,1909f56bfc062723c751e8b465ee728b)  -> (artifact id: '4ca3934ca339668c4175ddb233767486') in 0.095415 seconds 
========================================================================
Received Import Request.
  Time since last request: 0.000065 seconds.
  path: Assets/Nem sajat/SineVFX/TranslucentCrystals/Prefabs/Crystalsv07.prefab
  artifactKey: Guid(67c6e02e204ef6244a8f475a94826851) Importer(815301076,1909f56bfc062723c751e8b465ee728b)
Start importing Assets/Nem sajat/SineVFX/TranslucentCrystals/Prefabs/Crystalsv07.prefab using Guid(67c6e02e204ef6244a8f475a94826851) Importer(815301076,1909f56bfc062723c751e8b465ee728b)  -> (artifact id: 'ceed30ab267182b7bacad7002895dd89') in 0.054313 seconds 
========================================================================
Received Import Request.
  Time since last request: 0.000024 seconds.
  path: Assets/Nem sajat/SineVFX/TranslucentCrystals/Prefabs/Crystalsv06.prefab
  artifactKey: Guid(4aa7f4f0acab60742bea9a9f6a3bb144) Importer(815301076,1909f56bfc062723c751e8b465ee728b)
Start importing Assets/Nem sajat/SineVFX/TranslucentCrystals/Prefabs/Crystalsv06.prefab using Guid(4aa7f4f0acab60742bea9a9f6a3bb144) Importer(815301076,1909f56bfc062723c751e8b465ee728b)  -> (artifact id: '62b6123762c289625c6c8225ec045297') in 0.096134 seconds 
========================================================================
Received Import Request.
  Time since last request: 0.000033 seconds.
  path: Assets/Nem sajat/SineVFX/TranslucentCrystals/Prefabs/Crystalsv09.prefab
  artifactKey: Guid(5f285e9508d4e3f4488b284bb80a0b9b) Importer(815301076,1909f56bfc062723c751e8b465ee728b)
Start importing Assets/Nem sajat/SineVFX/TranslucentCrystals/Prefabs/Crystalsv09.prefab using Guid(5f285e9508d4e3f4488b284bb80a0b9b) Importer(815301076,1909f56bfc062723c751e8b465ee728b)  -> (artifact id: 'babacfeb3a338e482903b6e63f4109f3') in 0.105552 seconds 
Editor requested this worker to shutdown with reason: Scaling down because of idle timeout
AssetImportWorker is now disconnected from the server
Process exiting
Exiting without the bug reporter. Application will terminate with return code 0