Using pre-set license
Built from '2021.3/staging' branch; Version is '2021.3.5f1 (40eb3a945986) revision 4254522'; Using compiler version '192829333'; Build Type 'Release'
OS: 'Windows 10  (10.0.19044) 64bit Professional' Language: 'hu' Physical Memory: 16339 MB
BatchMode: 1, IsHumanControllingUs: 0, StartBugReporterOnCrash: 0, Is64bit: 1, IsPro: 1

COMMAND LINE ARGUMENTS:
D:\programs\Unity\Unity\2021.3.5f1\Editor\Unity.exe
-adb2
-batchMode
-noUpm
-name
AssetImportWorker0
-projectPath
D:/programs/Unity/game/GitNoCache/new7/TeamDioFPSGame
-logFile
Logs/AssetImportWorker0.log
-srvPort
61728
Successfully changed project path to: D:/programs/Unity/game/GitNoCache/new7/TeamDioFPSGame
D:/programs/Unity/game/GitNoCache/new7/TeamDioFPSGame
[UnityMemory] Configuration Parameters - Can be set up in boot.config
    "memorysetup-bucket-allocator-granularity=16"
    "memorysetup-bucket-allocator-bucket-count=8"
    "memorysetup-bucket-allocator-block-size=33554432"
    "memorysetup-bucket-allocator-block-count=8"
    "memorysetup-main-allocator-block-size=16777216"
    "memorysetup-thread-allocator-block-size=16777216"
    "memorysetup-gfx-main-allocator-block-size=16777216"
    "memorysetup-gfx-thread-allocator-block-size=16777216"
    "memorysetup-cache-allocator-block-size=4194304"
    "memorysetup-typetree-allocator-block-size=2097152"
    "memorysetup-profiler-bucket-allocator-granularity=16"
    "memorysetup-profiler-bucket-allocator-bucket-count=8"
    "memorysetup-profiler-bucket-allocator-block-size=33554432"
    "memorysetup-profiler-bucket-allocator-block-count=8"
    "memorysetup-profiler-allocator-block-size=16777216"
    "memorysetup-profiler-editor-allocator-block-size=1048576"
    "memorysetup-temp-allocator-size-main=16777216"
    "memorysetup-job-temp-allocator-block-size=2097152"
    "memorysetup-job-temp-allocator-block-size-background=1048576"
    "memorysetup-job-temp-allocator-reduction-small-platforms=262144"
    "memorysetup-temp-allocator-size-background-worker=32768"
    "memorysetup-temp-allocator-size-job-worker=262144"
    "memorysetup-temp-allocator-size-preload-manager=33554432"
    "memorysetup-temp-allocator-size-nav-mesh-worker=65536"
    "memorysetup-temp-allocator-size-audio-worker=65536"
    "memorysetup-temp-allocator-size-cloud-worker=32768"
    "memorysetup-temp-allocator-size-gi-baking-worker=262144"
    "memorysetup-temp-allocator-size-gfx=262144"
Refreshing native plugins compatible for Editor in 245.77 ms, found 3 plugins.
Preloading 0 native plugins for Editor in 0.00 ms.
Initialize engine version: 2021.3.5f1 (40eb3a945986)
[Subsystems] Discovering subsystems at path D:/programs/Unity/Unity/2021.3.5f1/Editor/Data/Resources/UnitySubsystems
[Subsystems] Discovering subsystems at path D:/programs/Unity/game/GitNoCache/new7/TeamDioFPSGame/Assets
GfxDevice: creating device client; threaded=0; jobified=0
Direct3D:
    Version:  Direct3D 11.0 [level 11.1]
    Renderer: NVIDIA GeForce GTX 1650 (ID=0x1f82)
    Vendor:   NVIDIA
    VRAM:     3949 MB
    Driver:   31.0.15.2756
Initialize mono
Mono path[0] = 'D:/programs/Unity/Unity/2021.3.5f1/Editor/Data/Managed'
Mono path[1] = 'D:/programs/Unity/Unity/2021.3.5f1/Editor/Data/MonoBleedingEdge/lib/mono/unityjit-win32'
Mono config path = 'D:/programs/Unity/Unity/2021.3.5f1/Editor/Data/MonoBleedingEdge/etc'
Using monoOptions --debugger-agent=transport=dt_socket,embedding=1,server=y,suspend=n,address=127.0.0.1:56960
Begin MonoManager ReloadAssembly
Registering precompiled unity dll's ...
Register platform support module: D:/programs/Unity/Unity/2021.3.5f1/Editor/Data/PlaybackEngines/WindowsStandaloneSupport/UnityEditor.WindowsStandalone.Extensions.dll
Registered in 0.012937 seconds.
Native extension for WindowsStandalone target not found
Refreshing native plugins compatible for Editor in 222.15 ms, found 3 plugins.
Preloading 0 native plugins for Editor in 0.00 ms.
Mono: successfully reloaded assembly
- Completed reload, in  1.536 seconds
Domain Reload Profiling:
	ReloadAssembly (1537ms)
		BeginReloadAssembly (194ms)
			ExecutionOrderSort (0ms)
			DisableScriptedObjects (0ms)
			BackupInstance (0ms)
			ReleaseScriptingObjects (0ms)
			CreateAndSetChildDomain (1ms)
		EndReloadAssembly (1090ms)
			LoadAssemblies (193ms)
			RebuildTransferFunctionScriptingTraits (0ms)
			SetupTypeCache (268ms)
			ReleaseScriptCaches (0ms)
			RebuildScriptCaches (71ms)
			SetupLoadedEditorAssemblies (641ms)
				LogAssemblyErrors (0ms)
				InitializePlatformSupportModulesInManaged (15ms)
				SetLoadedEditorAssemblies (1ms)
				RefreshPlugins (222ms)
				BeforeProcessingInitializeOnLoad (3ms)
				ProcessInitializeOnLoadAttributes (306ms)
				ProcessInitializeOnLoadMethodAttributes (94ms)
				AfterProcessingInitializeOnLoad (0ms)
				EditorAssembliesLoaded (0ms)
			ExecutionOrderSort2 (0ms)
			AwakeInstancesAfterBackupRestoration (0ms)
Platform modules already initialized, skipping
Registering precompiled user dll's ...
Registered in 0.020114 seconds.
Begin MonoManager ReloadAssembly
Symbol file LoadedFromMemory doesn't match image D:\programs\Unity\game\GitNoCache\new7\TeamDioFPSGame\Library\PackageCache\com.unity.visualscripting@1.7.8\Editor\VisualScripting.Core\Dependencies\YamlDotNet\Unity.VisualScripting.YamlDotNet.dll
Symbol file LoadedFromMemory doesn't match image D:\programs\Unity\game\GitNoCache\new7\TeamDioFPSGame\Library\PackageCache\com.unity.visualscripting@1.7.8\Editor\VisualScripting.Core\Dependencies\DotNetZip\Unity.VisualScripting.IonicZip.dll
Native extension for WindowsStandalone target not found
Refreshing native plugins compatible for Editor in 400.73 ms, found 3 plugins.
Preloading 0 native plugins for Editor in 0.00 ms.
Mono: successfully reloaded assembly
- Completed reload, in  3.434 seconds
Domain Reload Profiling:
	ReloadAssembly (3436ms)
		BeginReloadAssembly (280ms)
			ExecutionOrderSort (0ms)
			DisableScriptedObjects (15ms)
			BackupInstance (0ms)
			ReleaseScriptingObjects (0ms)
			CreateAndSetChildDomain (39ms)
		EndReloadAssembly (2916ms)
			LoadAssemblies (326ms)
			RebuildTransferFunctionScriptingTraits (0ms)
			SetupTypeCache (810ms)
			ReleaseScriptCaches (2ms)
			RebuildScriptCaches (147ms)
			SetupLoadedEditorAssemblies (1568ms)
				LogAssemblyErrors (0ms)
				InitializePlatformSupportModulesInManaged (6ms)
				SetLoadedEditorAssemblies (0ms)
				RefreshPlugins (401ms)
				BeforeProcessingInitializeOnLoad (328ms)
				ProcessInitializeOnLoadAttributes (655ms)
				ProcessInitializeOnLoadMethodAttributes (168ms)
				AfterProcessingInitializeOnLoad (9ms)
				EditorAssembliesLoaded (0ms)
			ExecutionOrderSort2 (0ms)
			AwakeInstancesAfterBackupRestoration (12ms)
Platform modules already initialized, skipping
========================================================================
Worker process is ready to serve import requests
Launched and connected shader compiler UnityShaderCompiler.exe after 0.09 seconds
Refreshing native plugins compatible for Editor in 3.27 ms, found 3 plugins.
Preloading 0 native plugins for Editor in 0.00 ms.
Unloading 5321 Unused Serialized files (Serialized files now loaded: 0)
Unloading 47 unused Assets / (1.9 MB). Loaded Objects now: 5770.
Memory consumption went from 289.2 MB to 287.3 MB.
Total: 7.253800 ms (FindLiveObjects: 0.706400 ms CreateObjectMapping: 0.386400 ms MarkObjects: 5.235000 ms  DeleteObjects: 0.924000 ms)

AssetImportParameters requested are different than current active one (requested -> active):
  custom:video-decoder-ogg-theora: a1e56fd34408186e4bbccfd4996cb3dc -> 
  custom:container-muxer-webm: aa71ff27fc2769a1b78a27578f13a17b -> 
  custom:container-demuxer-webm: 4f35f7cbe854078d1ac9338744f61a02 -> 
  custom:video-encoder-webm-vp8: eb34c28f22e8b96e1ab97ce403110664 -> 
  custom:audio-encoder-webm-vorbis: bf7c407c2cedff20999df2af8eb42d56 -> 
  custom:framework-win-MediaFoundation: 216162199b28c13a410421893ffa2e32 -> 
  custom:container-demuxer-ogg: 62fdf1f143b41e24485cea50d1cbac27 -> 
  custom:video-decoder-webm-vp8: 9c59270c3fd7afecdb556c50c9e8de78 -> 
  custom:audio-decoder-ogg-vorbis: bf7c407c2cedff20999df2af8eb42d56 -> 
========================================================================
Received Import Request.
  Time since last request: 97329.441277 seconds.
  path: Assets/Nem sajat/Stylized Lava Materials
  artifactKey: Guid(3c0acdb5650df1347ab81e6f2a2ad369) Importer(815301076,1909f56bfc062723c751e8b465ee728b)
Start importing Assets/Nem sajat/Stylized Lava Materials using Guid(3c0acdb5650df1347ab81e6f2a2ad369) Importer(815301076,1909f56bfc062723c751e8b465ee728b)  -> (artifact id: 'c304e95968d0e6e7a01bc8f3d0112234') in 0.024390 seconds 
========================================================================
Received Import Request.
  Time since last request: 273.481599 seconds.
  path: Assets/Old Water Well
  artifactKey: Guid(6a3777b07cf35c049982ddfbc2a5da4e) Importer(815301076,1909f56bfc062723c751e8b465ee728b)
Start importing Assets/Old Water Well using Guid(6a3777b07cf35c049982ddfbc2a5da4e) Importer(815301076,1909f56bfc062723c751e8b465ee728b)  -> (artifact id: '9872a1068a4956cde3a943f0a0156541') in 0.011655 seconds 
========================================================================
Received Import Request.
  Time since last request: 4.350159 seconds.
  path: Assets/Nem sajat/Old Water Well/Prefab
  artifactKey: Guid(4f2eff1a182d7af40a12722ae2a76855) Importer(815301076,1909f56bfc062723c751e8b465ee728b)
Start importing Assets/Nem sajat/Old Water Well/Prefab using Guid(4f2eff1a182d7af40a12722ae2a76855) Importer(815301076,1909f56bfc062723c751e8b465ee728b)  -> (artifact id: 'aad9d86f54dfa265f711cab2aa82c86e') in 0.016425 seconds 
========================================================================
Received Import Request.
  Time since last request: 0.019335 seconds.
  path: Assets/Nem sajat/Old Water Well/Prefab/old_water_well.prefab
  artifactKey: Guid(6f36196fa45b4bf458acb1e445499ce1) Importer(815301076,1909f56bfc062723c751e8b465ee728b)
Start importing Assets/Nem sajat/Old Water Well/Prefab/old_water_well.prefab using Guid(6f36196fa45b4bf458acb1e445499ce1) Importer(815301076,1909f56bfc062723c751e8b465ee728b)  -> (artifact id: 'c178b2a08fa6a7ff4f34304b6167e507') in 0.797540 seconds 
========================================================================
Received Import Request.
  Time since last request: 11.939868 seconds.
  path: Assets/Nem sajat/Old Water Well/Mesh
  artifactKey: Guid(22db38e98e392ee4baf4912678046d32) Importer(815301076,1909f56bfc062723c751e8b465ee728b)
Start importing Assets/Nem sajat/Old Water Well/Mesh using Guid(22db38e98e392ee4baf4912678046d32) Importer(815301076,1909f56bfc062723c751e8b465ee728b)  -> (artifact id: 'b714a03c9306c040551afe1ae156242d') in 0.010835 seconds 
========================================================================
Received Import Request.
  Time since last request: 0.030659 seconds.
  path: Assets/Nem sajat/Old Water Well/Mesh/old_water_well.FBX
  artifactKey: Guid(64bf8ceb59b0cc3438701b264ee77add) Importer(815301076,1909f56bfc062723c751e8b465ee728b)
Start importing Assets/Nem sajat/Old Water Well/Mesh/old_water_well.FBX using Guid(64bf8ceb59b0cc3438701b264ee77add) Importer(815301076,1909f56bfc062723c751e8b465ee728b)  -> (artifact id: '258880b9a8f05026245ff6a1e4cf03d8') in 0.205722 seconds 
========================================================================
Received Import Request.
  Time since last request: 812.237086 seconds.
  path: Assets/Nem sajat/well.fbx
  artifactKey: Guid(408a2d4e99ede9d45ad7ee18772f0926) Importer(815301076,1909f56bfc062723c751e8b465ee728b)
Start importing Assets/Nem sajat/well.fbx using Guid(408a2d4e99ede9d45ad7ee18772f0926) Importer(815301076,1909f56bfc062723c751e8b465ee728b)  -> (artifact id: '71ac00c54a9ededf7370fafa64352b70') in 0.113545 seconds 
========================================================================
Received Import Request.
  Time since last request: 42.877906 seconds.
  path: Assets/Nem sajat/well.fbx
  artifactKey: Guid(408a2d4e99ede9d45ad7ee18772f0926) Importer(815301076,1909f56bfc062723c751e8b465ee728b)
Start importing Assets/Nem sajat/well.fbx using Guid(408a2d4e99ede9d45ad7ee18772f0926) Importer(815301076,1909f56bfc062723c751e8b465ee728b)  -> (artifact id: 'a8a86f0069ab696a9d0c0a3e36847be2') in 0.048093 seconds 
========================================================================
Received Import Request.
  Time since last request: 118.578400 seconds.
  path: Assets/Nem sajat/Stylized Lava Materials/Lava02
  artifactKey: Guid(d53eb81928367ff43987dbb9416df60f) Importer(815301076,1909f56bfc062723c751e8b465ee728b)
Start importing Assets/Nem sajat/Stylized Lava Materials/Lava02 using Guid(d53eb81928367ff43987dbb9416df60f) Importer(815301076,1909f56bfc062723c751e8b465ee728b)  -> (artifact id: '1fb98e2f88b58af90106ba87049dc1f4') in 0.010882 seconds 
========================================================================
Received Import Request.
  Time since last request: 0.023718 seconds.
  path: Assets/Nem sajat/Stylized Lava Materials/Lava02/M_Lava02.mat
  artifactKey: Guid(9a526ccb9696d6545b3991e93bfb18bd) Importer(815301076,1909f56bfc062723c751e8b465ee728b)
Start importing Assets/Nem sajat/Stylized Lava Materials/Lava02/M_Lava02.mat using Guid(9a526ccb9696d6545b3991e93bfb18bd) Importer(815301076,1909f56bfc062723c751e8b465ee728b)  -> (artifact id: 'a878b3db91ccb9621e121583b27c84da') in 0.070750 seconds 
========================================================================
Received Import Request.
  Time since last request: 0.000031 seconds.
  path: Assets/Nem sajat/Stylized Lava Materials/Lava02/T_Lava02_emissive.png
  artifactKey: Guid(5e1b3fdd9823e0849bd594e8c5f87f08) Importer(815301076,1909f56bfc062723c751e8b465ee728b)
Start importing Assets/Nem sajat/Stylized Lava Materials/Lava02/T_Lava02_emissive.png using Guid(5e1b3fdd9823e0849bd594e8c5f87f08) Importer(815301076,1909f56bfc062723c751e8b465ee728b)  -> (artifact id: 'd14dca58187ca0bc1101e3945e260447') in 0.062935 seconds 
========================================================================
Received Import Request.
  Time since last request: 0.000029 seconds.
  path: Assets/Nem sajat/Stylized Lava Materials/Lava02/T_Lava02_height.png
  artifactKey: Guid(372cb625b210c8947b9fb99adc83e72a) Importer(815301076,1909f56bfc062723c751e8b465ee728b)
Start importing Assets/Nem sajat/Stylized Lava Materials/Lava02/T_Lava02_height.png using Guid(372cb625b210c8947b9fb99adc83e72a) Importer(815301076,1909f56bfc062723c751e8b465ee728b)  -> (artifact id: 'da844d6cb75ce3d05025e6009e978419') in 0.027709 seconds 
========================================================================
Received Import Request.
  Time since last request: 0.000028 seconds.
  path: Assets/Nem sajat/Stylized Lava Materials/Lava02/T_Lava02_normal.png
  artifactKey: Guid(71610f3bc62fcfc4bb04f413e778e1d3) Importer(815301076,1909f56bfc062723c751e8b465ee728b)
Start importing Assets/Nem sajat/Stylized Lava Materials/Lava02/T_Lava02_normal.png using Guid(71610f3bc62fcfc4bb04f413e778e1d3) Importer(815301076,1909f56bfc062723c751e8b465ee728b)  -> (artifact id: '202d2ced287c821b0a28ede54a1cf6ea') in 0.046973 seconds 
========================================================================
Received Import Request.
  Time since last request: 11.476424 seconds.
  path: Assets/Nem sajat/Stylized Lava Materials/Lava03/T_Lava03_basecolor.png
  artifactKey: Guid(4921777c11d0755449b584725d342e2f) Importer(815301076,1909f56bfc062723c751e8b465ee728b)
Start importing Assets/Nem sajat/Stylized Lava Materials/Lava03/T_Lava03_basecolor.png using Guid(4921777c11d0755449b584725d342e2f) Importer(815301076,1909f56bfc062723c751e8b465ee728b)  -> (artifact id: '31ec863ed968b595382cb99cad65c9c6') in 0.036527 seconds 
========================================================================
Received Import Request.
  Time since last request: 0.000029 seconds.
  path: Assets/Nem sajat/Stylized Lava Materials/Lava03/T_Lava03_metallic.png
  artifactKey: Guid(b45c16963ac761d4cac39a870f8efe1d) Importer(815301076,1909f56bfc062723c751e8b465ee728b)
Start importing Assets/Nem sajat/Stylized Lava Materials/Lava03/T_Lava03_metallic.png using Guid(b45c16963ac761d4cac39a870f8efe1d) Importer(815301076,1909f56bfc062723c751e8b465ee728b)  -> (artifact id: '9f58247de1b7ffc7f74bc9eed2b7e5c5') in 0.038942 seconds 
========================================================================
Received Import Request.
  Time since last request: 0.000029 seconds.
  path: Assets/Nem sajat/Stylized Lava Materials/Lava03/T_Lava03_height.png
  artifactKey: Guid(ebe988e0fae69904da7059b5c9f618c9) Importer(815301076,1909f56bfc062723c751e8b465ee728b)
Start importing Assets/Nem sajat/Stylized Lava Materials/Lava03/T_Lava03_height.png using Guid(ebe988e0fae69904da7059b5c9f618c9) Importer(815301076,1909f56bfc062723c751e8b465ee728b)  -> (artifact id: 'f8a8f386bbd2fac3d09310247b713825') in 0.036547 seconds 
Editor requested this worker to shutdown with reason: Scaling down because of idle timeout
AssetImportWorker is now disconnected from the server
Process exiting
Exiting without the bug reporter. Application will terminate with return code 0